<?xml version="1.0" encoding="UTF-8"?>
<!-- Generated by org.testng.reporters.JUnitReportReporter -->
<testsuite hostname="DESKTOP-O1DUP7V" failures="0" tests="1" name="testCases.TC_002Login" time="3.357" errors="0" timestamp="2025-01-30T20:31:35 IST" skipped="0">
  <testcase classname="testCases.TC_002Login" name="verifyLogin" time="3.357"/>
</testsuite> <!-- testCases.TC_002Login -->
