<?xml version="1.0" encoding="UTF-8"?>
<!-- Generated by org.testng.reporters.JUnitReportReporter -->
<testsuite hostname="DESKTOP-O1DUP7V" failures="0" tests="1" name="testCases.TC_002Login" time="2.631" errors="0" timestamp="2025-01-30T19:36:29 IST" skipped="0">
  <testcase classname="testCases.TC_002Login" name="verifyLogin" time="2.631"/>
</testsuite> <!-- testCases.TC_002Login -->
