<?xml version="1.0" encoding="UTF-8"?>
<!-- Generated by org.testng.reporters.JUnitReportReporter -->
<testsuite hostname="DESKTOP-O1DUP7V" failures="0" tests="5" name="testCases.TC003__LoginDDT" time="28.501" errors="0" timestamp="2025-01-24T20:33:10 IST" skipped="0">
  <testcase classname="testCases.TC003__LoginDDT" name="verifyLoginDDT" time="1.941"/>
  <testcase classname="testCases.TC003__LoginDDT" name="verifyLoginDDT" time="11.605"/>
  <testcase classname="testCases.TC003__LoginDDT" name="verifyLoginDDT" time="1.881"/>
  <testcase classname="testCases.TC003__LoginDDT" name="verifyLoginDDT" time="11.273"/>
  <testcase classname="testCases.TC003__LoginDDT" name="verifyLoginDDT" time="1.801"/>
</testsuite> <!-- testCases.TC003__LoginDDT -->
